<?xml version="1.0" encoding="UTF-8"?>
<!-- Generated by org.testng.reporters.JUnitReportReporter -->
<testsuite skipped="0" hostname="LAPTOP-NSNORBA3" name="testScripts.Test5" tests="1" failures="0" timestamp="2023-04-05T20:13:58 IST" time="3.729" errors="0">
  <testcase name="tc_ac_005" time="3.729" classname="testScripts.Test5"/>
  <system-out/>
</testsuite> <!-- testScripts.Test5 -->
