<?xml version="1.0" encoding="UTF-8"?>
<!-- Generated by org.testng.reporters.JUnitReportReporter -->
<testsuite skipped="0" hostname="LAPTOP-NSNORBA3" name="testScripts.Test17" tests="1" failures="0" timestamp="2023-04-05T21:32:33 IST" time="6.022" errors="0">
  <testcase name="tc_it_003" time="6.022" classname="testScripts.Test17"/>
  <system-out/>
</testsuite> <!-- testScripts.Test17 -->
