<?xml version="1.0" encoding="UTF-8"?>
<!-- Generated by org.testng.reporters.JUnitReportReporter -->
<testsuite skipped="0" hostname="LAPTOP-NSNORBA3" name="testScripts.Test13" tests="1" failures="0" timestamp="2023-04-05T21:16:32 IST" time="3.064" errors="0">
  <testcase name="tc_ac_013" time="3.064" classname="testScripts.Test13"/>
  <system-out/>
</testsuite> <!-- testScripts.Test13 -->
