<?xml version="1.0" encoding="UTF-8"?>
<!-- Generated by org.testng.reporters.JUnitReportReporter -->
<testsuite skipped="0" hostname="LAPTOP-NSNORBA3" name="testScripts.Test6" tests="1" failures="0" timestamp="2023-04-05T20:15:40 IST" time="2.674" errors="0">
  <testcase name="tc_ac_006" time="2.674" classname="testScripts.Test6"/>
  <system-out/>
</testsuite> <!-- testScripts.Test6 -->
