<?xml version="1.0" encoding="UTF-8"?>
<!-- Generated by org.testng.reporters.JUnitReportReporter -->
<testsuite skipped="0" hostname="LAPTOP-NSNORBA3" name="testScripts.Test15" tests="1" failures="0" timestamp="2023-04-05T20:35:27 IST" time="3.419" errors="0">
  <testcase name="tc_ac_015" time="3.419" classname="testScripts.Test15"/>
  <system-out/>
</testsuite> <!-- testScripts.Test15 -->
