<?xml version="1.0" encoding="UTF-8"?>
<!-- Generated by org.testng.reporters.JUnitReportReporter -->
<testsuite skipped="0" hostname="LAPTOP-NSNORBA3" name="testScripts.Test9" tests="1" failures="0" timestamp="2023-04-05T20:24:10 IST" time="2.956" errors="0">
  <testcase name="tc_ac_009" time="2.956" classname="testScripts.Test9"/>
  <system-out/>
</testsuite> <!-- testScripts.Test9 -->
