<?xml version="1.0" encoding="UTF-8"?>
<!-- Generated by org.testng.reporters.JUnitReportReporter -->
<testsuite skipped="0" hostname="LAPTOP-NSNORBA3" name="testScripts.Test4" tests="1" failures="0" timestamp="2023-04-05T20:13:22 IST" time="3.878" errors="0">
  <testcase name="tc_ac_004" time="3.878" classname="testScripts.Test4"/>
  <system-out/>
</testsuite> <!-- testScripts.Test4 -->
