<?xml version="1.0" encoding="UTF-8"?>
<!-- Generated by org.testng.reporters.JUnitReportReporter -->
<testsuite skipped="0" hostname="LAPTOP-NSNORBA3" name="testScripts.Test8" tests="1" failures="0" timestamp="2023-04-05T20:55:26 IST" time="6.708" errors="0">
  <testcase name="tc_it_001" time="6.708" classname="testScripts.Test8"/>
  <system-out/>
</testsuite> <!-- testScripts.Test8 -->
