<?xml version="1.0" encoding="UTF-8"?>
<!-- Generated by org.testng.reporters.JUnitReportReporter -->
<testsuite skipped="0" hostname="LAPTOP-NSNORBA3" name="testScripts.Test11" tests="1" failures="0" timestamp="2023-04-05T21:15:57 IST" time="1.730" errors="0">
  <testcase name="tc_ac_011" time="1.730" classname="testScripts.Test11"/>
  <system-out/>
</testsuite> <!-- testScripts.Test11 -->
