<?xml version="1.0" encoding="UTF-8"?>
<!-- Generated by org.testng.reporters.JUnitReportReporter -->
<testsuite skipped="0" hostname="LAPTOP-NSNORBA3" name="testScripts.Test1" tests="1" failures="0" timestamp="2023-04-05T19:59:08 IST" time="4.225" errors="0">
  <testcase name="tc_ac_001" time="4.225" classname="testScripts.Test1"/>
  <system-out/>
</testsuite> <!-- testScripts.Test1 -->
