<?xml version="1.0" encoding="UTF-8"?>
<!-- Generated by org.testng.reporters.JUnitReportReporter -->
<testsuite skipped="0" hostname="LAPTOP-NSNORBA3" name="testScripts.Test2" tests="1" failures="0" timestamp="2023-04-05T20:08:32 IST" time="4.318" errors="0">
  <testcase name="tc_ac_002" time="4.318" classname="testScripts.Test2"/>
  <system-out/>
</testsuite> <!-- testScripts.Test2 -->
